mbapp_baike/build/app/intermediates/manifest_merge_blame_file/debug/manifest-merger-blame-debug-report.txt
1<?xml version="1.0" encoding="utf-8"?>
2<manifest xmlns:android="http://schemas.android.com/apk/res/android"
3    package="com.molbase.mbapp"
4    android:versionCode="1"
5    android:versionName="1.0.0" >
6
7    <uses-sdk
8        android:minSdkVersion="16"
9        android:targetSdkVersion="28" />
10    <!--
11         Flutter needs it to communicate with the running application
12         to allow setting breakpoints, to provide hot reload, etc.
13    -->
14    <uses-permission android:name="android.permission.INTERNET" />
14-->src\debug\AndroidManifest.xml:6:5-66
14-->src\debug\AndroidManifest.xml:6:22-64
15    <uses-permission android:name="android.permission.ACCESS_NETWORK_STATE" />
15-->[:connectivity] AndroidManifest.xml:7:5-79
15-->[:connectivity] AndroidManifest.xml:7:22-76
16    <uses-permission android:name="android.permission.ACCESS_WIFI_STATE" />
16-->[:connectivity] AndroidManifest.xml:8:5-76
16-->[:connectivity] AndroidManifest.xml:8:22-73
17    <!--
18 io.flutter.app.FlutterApplication is an android.app.Application that
19         calls FlutterMain.startInitialization(this); in its onCreate method.
20         In most cases you can leave this as-is, but you if you want to provide
21         additional functionality it is fine to subclass or reimplement
22         FlutterApplication and put your custom class here.
23    -->
24    <application
24-->src\main\AndroidManifest.xml:8:5-35:19
25        android:name="io.flutter.app.FlutterApplication"
25-->src\main\AndroidManifest.xml:9:9-57
26        android:appComponentFactory="androidx.core.app.CoreComponentFactory"
26-->[androidx.core:core:1.1.0] AndroidManifest.xml:24:18-86
27        android:debuggable="true"
28        android:icon="@mipmap/ic_launcher"
28-->src\main\AndroidManifest.xml:11:9-43
29        android:label="@string/app_name" >
29-->src\main\AndroidManifest.xml:10:9-41
30        <activity
30-->src\main\AndroidManifest.xml:12:9-29:20
31            android:name="com.molbase.mbapp.MainActivity"
31-->src\main\AndroidManifest.xml:13:13-41
32            android:configChanges="orientation|keyboardHidden|keyboard|screenSize|smallestScreenSize|locale|layoutDirection|fontScale|screenLayout|density|uiMode"
32-->src\main\AndroidManifest.xml:16:13-163
33            android:hardwareAccelerated="true"
33-->src\main\AndroidManifest.xml:17:13-47
34            android:launchMode="singleTop"
34-->src\main\AndroidManifest.xml:14:13-43
35            android:theme="@style/LaunchTheme"
35-->src\main\AndroidManifest.xml:15:13-47
36            android:windowSoftInputMode="adjustResize" >
36-->src\main\AndroidManifest.xml:18:13-55
37            <intent-filter>
37-->src\main\AndroidManifest.xml:19:13-22:29
38                <action android:name="android.intent.action.MAIN" />
38-->src\main\AndroidManifest.xml:20:17-68
38-->src\main\AndroidManifest.xml:20:25-66
39
40                <category android:name="android.intent.category.LAUNCHER" />
40-->src\main\AndroidManifest.xml:21:17-76
40-->src\main\AndroidManifest.xml:21:27-74
41            </intent-filter>
42
43            <meta-data
43-->src\main\AndroidManifest.xml:23:13-25:40
44                android:name="io.flutter.app.android.SplashScreenUntilFirstFrame"
44-->src\main\AndroidManifest.xml:24:17-82
45                android:value="true" />
45-->src\main\AndroidManifest.xml:25:17-37
46            <meta-data
46-->src\main\AndroidManifest.xml:26:13-28:66
47                android:name="io.flutter.embedding.android.SplashScreenDrawable"
47-->src\main\AndroidManifest.xml:27:17-81
48                android:resource="@drawable/launch_background" />
48-->src\main\AndroidManifest.xml:28:17-63
49        </activity>
50        <!--
51             Don't delete the meta-data below.
52             This is used by the Flutter tool to generate GeneratedPluginRegistrant.java
53        -->
54        <meta-data
54-->src\main\AndroidManifest.xml:32:9-34:33
55            android:name="flutterEmbedding"
55-->src\main\AndroidManifest.xml:33:13-44
56            android:value="2" />
56-->src\main\AndroidManifest.xml:34:13-30
57
58        <activity
58-->[:url_launcher] AndroidManifest.xml:8:9-11:74
59            android:name="io.flutter.plugins.urllauncher.WebViewActivity"
59-->[:url_launcher] AndroidManifest.xml:9:13-74
60            android:exported="false"
60-->[:url_launcher] AndroidManifest.xml:10:13-37
61            android:theme="@android:style/Theme.NoTitleBar.Fullscreen" />
61-->[:url_launcher] AndroidManifest.xml:11:13-71
62
63        <provider
63-->[:flutter_webview_plugin] AndroidManifest.xml:9:9-18:20
64            android:name="androidx.core.content.FileProvider"
64-->[:flutter_webview_plugin] AndroidManifest.xml:10:13-62
65            android:authorities="com.molbase.mbapp.fileprovider"
65-->[:flutter_webview_plugin] AndroidManifest.xml:11:13-64
66            android:exported="false"
66-->[:flutter_webview_plugin] AndroidManifest.xml:12:13-37
67            android:grantUriPermissions="true" >
67-->[:flutter_webview_plugin] AndroidManifest.xml:13:13-47
68            <meta-data
68-->[:flutter_webview_plugin] AndroidManifest.xml:15:13-17:53
69                android:name="android.support.FILE_PROVIDER_PATHS"
69-->[:flutter_webview_plugin] AndroidManifest.xml:16:17-67
70                android:resource="@xml/filepaths" />
70-->[:flutter_webview_plugin] AndroidManifest.xml:17:17-50
71        </provider>
72    </application>
73
74</manifest>